<?xml version="1.0" encoding="UTF-8"?>
<!-- Generated by org.testng.reporters.JUnitReportReporter -->
<testsuite skipped="0" hostname="Shree-PC" name="com.abp.TestNGTest.CheckAnno" tests="1" failures="0" timestamp="14 Jul 2018 02:45:19 GMT" time="0.011" errors="0">
  <testcase name="m1" time="0.011" classname="com.abp.TestNGTest.CheckAnno"/>
</testsuite> <!-- com.abp.TestNGTest.CheckAnno -->
