<?xml version="1.0" encoding="UTF-8"?>
<!-- Generated by org.testng.reporters.JUnitReportReporter -->
<testsuite skipped="0" hostname="Shree-PC" name="com.abp.TestNGTest.CheckAnno2" tests="1" failures="0" timestamp="14 Jul 2018 02:44:58 GMT" time="0.009" errors="0">
  <testcase name="m2" time="0.009" classname="com.abp.TestNGTest.CheckAnno2"/>
</testsuite> <!-- com.abp.TestNGTest.CheckAnno2 -->
